<?xml version="1.0" encoding="UTF-8"?>
<!-- Generated by org.testng.reporters.JUnitXMLReporter -->
<testsuite ignored="0" hostname="Lalat_Chintu" failures="0" tests="3" name="Default test" time="29.254" errors="0" timestamp="2024-11-25T13:09:38 IST">
  <testcase classname="com.testng.Testcases.TestCases" name="search" time="9.022"/>
  <testcase classname="com.testng.Testcases.TestCases" name="validateCheckbox" time="2.604"/>
  <testcase classname="com.testng.Testcases.TestCases" name="validateValue" time="6.073"/>
</testsuite> <!-- Default test -->
